<?xml version="1.0" encoding="UTF-8"?>
<!-- Generated by org.testng.reporters.JUnitReportReporter -->
<testsuite skipped="0" hostname="USHYDANCHAND7" name="com.orangehrm.Tests.OTPTesting" tests="1" failures="0" timestamp="14 Nov 2019 18:35:41 GMT" time="17.650" errors="0">
  <testcase name="verifyCreateUserTest" time="17.650" classname="com.orangehrm.Tests.OTPTesting"/>
</testsuite> <!-- com.orangehrm.Tests.OTPTesting -->
