<?xml version="1.0" encoding="UTF-8"?>
<!-- Generated by org.testng.reporters.JUnitReportReporter -->
<testsuite skipped="0" hostname="USHYDANCHAND7" name="com.orangehrm.Tests.HomePageTest" tests="1" failures="0" timestamp="14 Nov 2019 08:18:46 GMT" time="11.003" errors="0">
  <testcase name="verifyUserNameTest" time="11.003" classname="com.orangehrm.Tests.HomePageTest"/>
</testsuite> <!-- com.orangehrm.Tests.HomePageTest -->
