<?xml version="1.0" encoding="UTF-8"?>
<!-- Generated by org.testng.reporters.JUnitReportReporter -->
<testsuite skipped="0" hostname="USHYDANCHAND7" name="com.orangehrm.Tests.LoginTest" tests="3" failures="0" timestamp="26 Nov 2019 01:47:42 GMT" time="25.148" errors="0">
  <testcase name="verifyLoginPageTitleTest" time="6.286" classname="com.orangehrm.Tests.LoginTest"/>
  <testcase name="verifyLoginPageHeaderTest" time="10.909" classname="com.orangehrm.Tests.LoginTest"/>
  <testcase name="verifyLoginTest" time="7.953" classname="com.orangehrm.Tests.LoginTest"/>
</testsuite> <!-- com.orangehrm.Tests.LoginTest -->
