<?xml version="1.0" encoding="UTF-8"?>
<!-- Generated by org.testng.reporters.JUnitReportReporter -->
<testsuite skipped="0" hostname="USHYDANCHAND7" name="com.orangehrm.Tests.LoginTest" tests="4" failures="0" timestamp="10 Nov 2019 17:34:45 GMT" time="32.517" errors="0">
  <testcase name="verifyLoginPageTitleTest" time="6.903" classname="com.orangehrm.Tests.LoginTest"/>
  <testcase name="verifyLoginPageHeaderTest" time="6.619" classname="com.orangehrm.Tests.LoginTest"/>
  <testcase name="verifyLoginTest" time="10.645" classname="com.orangehrm.Tests.LoginTest"/>
  <testcase name="verifyLoginDataTest" time="8.350" classname="com.orangehrm.Tests.LoginTest"/>
</testsuite> <!-- com.orangehrm.Tests.LoginTest -->
