<?xml version="1.0" encoding="UTF-8"?>
<!-- Generated by org.testng.reporters.JUnitReportReporter -->
<testsuite skipped="0" hostname="USHYDANCHAND7" name="com.orangehrm.Tests.LoginTest" tests="4" failures="0" timestamp="06 Jun 2020 12:31:23 GMT" time="48.348" errors="0">
  <testcase name="verifyLoginPageTitleTest" time="7.729" classname="com.orangehrm.Tests.LoginTest"/>
  <testcase name="verifyLoginPageHeaderTest" time="7.630" classname="com.orangehrm.Tests.LoginTest"/>
  <testcase name="verifyLoginTest" time="18.121" classname="com.orangehrm.Tests.LoginTest"/>
  <testcase name="verifyLoginDataTest" time="14.868" classname="com.orangehrm.Tests.LoginTest"/>
</testsuite> <!-- com.orangehrm.Tests.LoginTest -->
