<?xml version="1.0" encoding="UTF-8"?>
<!-- Generated by org.testng.reporters.JUnitReportReporter -->
<testsuite skipped="0" hostname="USHYDANCHAND7" name="com.orangehrm.Tests.HomePageTest" tests="1" failures="0" timestamp="06 Jun 2020 11:57:33 GMT" time="21.751" errors="0">
  <testcase name="verifyUserNameTest" time="21.751" classname="com.orangehrm.Tests.HomePageTest"/>
</testsuite> <!-- com.orangehrm.Tests.HomePageTest -->
