<?xml version="1.0" encoding="UTF-8"?>
<!-- Generated by org.testng.reporters.JUnitReportReporter -->
<testsuite skipped="0" hostname="USHYDANCHAND7" name="com.orangehrm.Tests.LoginTest" tests="4" failures="0" timestamp="28 Nov 2019 06:35:12 GMT" time="34.467" errors="0">
  <testcase name="verifyLoginPageTitleTest" time="7.469" classname="com.orangehrm.Tests.LoginTest"/>
  <testcase name="verifyLoginPageHeaderTest" time="5.969" classname="com.orangehrm.Tests.LoginTest"/>
  <testcase name="verifyLoginTest" time="11.242" classname="com.orangehrm.Tests.LoginTest"/>
  <testcase name="verifyLoginDataTest" time="9.787" classname="com.orangehrm.Tests.LoginTest"/>
</testsuite> <!-- com.orangehrm.Tests.LoginTest -->
