<?xml version="1.0" encoding="UTF-8"?>
<!-- Generated by org.testng.reporters.JUnitReportReporter -->
<testsuite skipped="0" hostname="USHYDANCHAND7" name="com.orangehrm.Tests.LoginTest" tests="4" failures="0" timestamp="26 Nov 2019 06:11:25 GMT" time="32.517" errors="0">
  <testcase name="verifyLoginPageTitleTest" time="8.473" classname="com.orangehrm.Tests.LoginTest"/>
  <testcase name="verifyLoginPageHeaderTest" time="6.477" classname="com.orangehrm.Tests.LoginTest"/>
  <testcase name="verifyLoginTest" time="8.636" classname="com.orangehrm.Tests.LoginTest"/>
  <testcase name="verifyLoginDataTest" time="8.931" classname="com.orangehrm.Tests.LoginTest"/>
</testsuite> <!-- com.orangehrm.Tests.LoginTest -->
