<?xml version="1.0" encoding="UTF-8"?>
<!-- Generated by org.testng.reporters.JUnitReportReporter -->
<testsuite skipped="0" hostname="USHYDANCHAND7" name="com.orangehrm.Tests.LoginTest" tests="1" failures="0" timestamp="07 Nov 2019 20:04:22 GMT" time="10.351" errors="0">
  <testcase name="verifyLoginTest" time="10.351" classname="com.orangehrm.Tests.LoginTest"/>
</testsuite> <!-- com.orangehrm.Tests.LoginTest -->
