<?xml version="1.0" encoding="UTF-8"?>
<!-- Generated by org.testng.reporters.JUnitReportReporter -->
<testsuite skipped="0" hostname="USHYDANCHAND7" name="com.orangehrm.Tests.HomePageTest" tests="1" failures="0" timestamp="24 Nov 2019 12:03:35 GMT" time="12.963" errors="0">
  <testcase name="verifyUserNameTest" time="12.963" classname="com.orangehrm.Tests.HomePageTest"/>
</testsuite> <!-- com.orangehrm.Tests.HomePageTest -->
