<?xml version="1.0" encoding="UTF-8"?>
<!-- Generated by org.testng.reporters.JUnitReportReporter -->
<testsuite skipped="0" hostname="USHYDANCHAND7" name="com.orangehrm.Tests.HomePageTest" tests="1" failures="0" timestamp="26 Nov 2019 06:11:25 GMT" time="12.947" errors="0">
  <testcase name="verifyUserNameTest" time="12.947" classname="com.orangehrm.Tests.HomePageTest"/>
</testsuite> <!-- com.orangehrm.Tests.HomePageTest -->
