<?xml version="1.0" encoding="UTF-8"?>
<!-- Generated by org.testng.reporters.JUnitReportReporter -->
<testsuite skipped="1" hostname="USHYDANCHAND7" name="com.orangehrm.Tests.HomePageTest" tests="2" failures="0" timestamp="24 Nov 2019 11:52:28 GMT" time="25.964" errors="0">
  <testcase name="verifyUserNameTest" time="15.127" classname="com.orangehrm.Tests.HomePageTest"/>
  <testcase name="verifyUserNameTest" time="10.837" classname="com.orangehrm.Tests.HomePageTest">
    <skipped/>
  </testcase> <!-- verifyUserNameTest -->
</testsuite> <!-- com.orangehrm.Tests.HomePageTest -->
