<?xml version="1.0" encoding="UTF-8"?>
<!-- Generated by org.testng.reporters.JUnitReportReporter -->
<testsuite skipped="0" hostname="USHYDANCHAND7" name="com.orangehrm.Tests.LoginTest" tests="4" failures="0" timestamp="26 Nov 2019 08:49:49 GMT" time="30.337" errors="0">
  <testcase name="verifyLoginPageTitleTest" time="7.886" classname="com.orangehrm.Tests.LoginTest"/>
  <testcase name="verifyLoginPageHeaderTest" time="6.288" classname="com.orangehrm.Tests.LoginTest"/>
  <testcase name="verifyLoginTest" time="8.103" classname="com.orangehrm.Tests.LoginTest"/>
  <testcase name="verifyLoginDataTest" time="8.060" classname="com.orangehrm.Tests.LoginTest"/>
</testsuite> <!-- com.orangehrm.Tests.LoginTest -->
